{
  "stats": {
    "suites": 1,
    "tests": 2,
    "passes": 2,
    "pending": 0,
    "failures": 0,
    "start": "2023-03-21T05:31:27.983Z",
    "end": "2023-03-21T05:32:29.769Z",
    "duration": 61786,
    "testsRegistered": 2,
    "passPercent": 100,
    "pendingPercent": 0,
    "other": 0,
    "hasOther": false,
    "skipped": 0,
    "hasSkipped": false
  },
  "results": [
    {
      "uuid": "61efec38-ddce-48e2-b908-61d12b0e080a",
      "title": "",
      "fullFile": "cypress\\e2e\\login.cy.js",
      "file": "cypress\\e2e\\login.cy.js",
      "beforeHooks": [],
      "afterHooks": [],
      "tests": [],
      "suites": [
        {
          "uuid": "7078f030-5aa0-4438-8d8e-9d4745830572",
          "title": "Login functionality",
          "fullFile": "",
          "file": "",
          "beforeHooks": [],
          "afterHooks": [],
          "tests": [
            {
              "title": "Verify the login functionlity for valid credentials",
              "fullTitle": "Login functionality Verify the login functionlity for valid credentials",
              "timedOut": null,
              "duration": 34638,
              "state": "passed",
              "speed": "slow",
              "pass": true,
              "fail": false,
              "pending": false,
              "context": null,
              "code": "cy.visit('https://sandbox.opencv.fr/');\ncy.get('#CybotCookiebotDialogBodyLevelButtonLevelOptinAllowallSelection').click();\ncy.wait(5000);\ncy.get('#input1').type(_login.default.valid.email, {\n  log: false\n});\ncy.get('#mat-select-value-1').click();\ncy.get(\".mat-option-text\").last().click();\ncy.get('#input3').type(_login.default.valid.password, {\n  log: false\n});\ncy.get('.login-btn').click();\ncy.wait(5000);\ncy.get('.search-crumb').should('have.text', 'Dashboard');",
              "err": {},
              "uuid": "14b7ddc5-75d2-4a2e-81c0-cc0bc80cc433",
              "parentUUID": "7078f030-5aa0-4438-8d8e-9d4745830572",
              "isHook": false,
              "skipped": false
            },
            {
              "title": "Verify the login functionlity for invalid credentials",
              "fullTitle": "Login functionality Verify the login functionlity for invalid credentials",
              "timedOut": null,
              "duration": 22706,
              "state": "passed",
              "speed": "slow",
              "pass": true,
              "fail": false,
              "pending": false,
              "context": null,
              "code": "cy.visit('https://sandbox.opencv.fr/');\ncy.get('#CybotCookiebotDialogBodyLevelButtonLevelOptinAllowallSelection').click();\ncy.wait(5000);\ncy.get('#input1').type(_login.default.Invalid.email, {\n  log: false\n});\ncy.get('#mat-select-value-1').click();\ncy.get(\".mat-option-text\").last().click();\ncy.get('#input3').type(_login.default.Invalid.password, {\n  log: false\n});\ncy.get('.login-btn').click();\ncy.get(\"div[role='alert']\").should('have.text', ' Invalid Credentials ');",
              "err": {},
              "uuid": "46e41044-5b0e-413b-ab3b-b65962f07fcf",
              "parentUUID": "7078f030-5aa0-4438-8d8e-9d4745830572",
              "isHook": false,
              "skipped": false
            }
          ],
          "suites": [],
          "passes": [
            "14b7ddc5-75d2-4a2e-81c0-cc0bc80cc433",
            "46e41044-5b0e-413b-ab3b-b65962f07fcf"
          ],
          "failures": [],
          "pending": [],
          "skipped": [],
          "duration": 57344,
          "root": false,
          "rootEmpty": false,
          "_timeout": 2000
        }
      ],
      "passes": [],
      "failures": [],
      "pending": [],
      "skipped": [],
      "duration": 0,
      "root": true,
      "rootEmpty": true,
      "_timeout": 2000
    }
  ],
  "meta": {
    "mocha": {
      "version": "7.0.1"
    },
    "mochawesome": {
      "options": {
        "quiet": false,
        "reportFilename": "mochawesome",
        "saveHtml": true,
        "saveJson": true,
        "consoleReporter": "spec",
        "useInlineDiffs": false,
        "code": true
      },
      "version": "7.1.3"
    },
    "marge": {
      "options": null,
      "version": "6.2.0"
    }
  }
}